<?xml version="1.0" encoding="UTF-8"?>
<!-- Generated by org.testng.reporters.JUnitXMLReporter -->
<testsuite ignored="3" hostname="Robbo" failures="0" tests="1" name="Default test" time="12.267" errors="0" timestamp="2024-07-01T10:54:56 IST">
  <testcase classname="com.tricentis.testcases.LogIn" name="verifyLoginWithValidCredentials" time="2.175"/>
  <testcase classname="com.tricentis.testcases.LogIn" name="verifyLoginWithInvalidCredentials" time="0.0">
    <ignored/>
  </testcase> <!-- verifyLoginWithInvalidCredentials -->
  <testcase classname="com.tricentis.testcases.LogIn" name="verifyLoginWithInalidEmailValidPassword" time="0.0">
    <ignored/>
  </testcase> <!-- verifyLoginWithInalidEmailValidPassword -->
  <testcase classname="com.tricentis.testcases.LogIn" name="verifyLoginWithValidEmailInvalidPassword" time="0.0">
    <ignored/>
  </testcase> <!-- verifyLoginWithValidEmailInvalidPassword -->
</testsuite> <!-- Default test -->
