<?xml version="1.0" encoding="UTF-8"?>
<testng-results ignored="0" total="1" passed="1" failed="0" skipped="0">
  <reporter-output>
  </reporter-output>
  <suite started-at="2024-07-01T10:54:44 IST" name="Default suite" finished-at="2024-07-01T10:54:56 IST" duration-ms="12267">
    <groups>
    </groups>
    <test started-at="2024-07-01T10:54:44 IST" name="Default test" finished-at="2024-07-01T10:54:56 IST" duration-ms="12267">
      <class name="com.tricentis.testcases.LogIn">
        <test-method is-config="true" signature="statUp()[pri:0, instance:com.tricentis.testcases.LogIn@7d9d0818]" started-at="2024-07-01T10:54:45 IST" name="statUp" finished-at="2024-07-01T10:54:54 IST" duration-ms="9540" status="PASS">
          <reporter-output>
          </reporter-output>
        </test-method> <!-- statUp -->
        <test-method signature="verifyLoginWithValidCredentials(java.util.HashMap)[pri:0, instance:com.tricentis.testcases.LogIn@7d9d0818]" started-at="2024-07-01T10:54:54 IST" name="verifyLoginWithValidCredentials" data-provider="dataForLoginWithValidCredentials" finished-at="2024-07-01T10:54:56 IST" duration-ms="2175" status="PASS">
          <params>
            <param index="0">
              <value>
                <![CDATA[{Runmode=Y, ExpectedResult=Success, Username=shashvat555@gmail.com, Password=sha123456}]]>
              </value>
            </param>
          </params>
          <reporter-output>
          </reporter-output>
        </test-method> <!-- verifyLoginWithValidCredentials -->
      </class> <!-- com.tricentis.testcases.LogIn -->
    </test> <!-- Default test -->
  </suite> <!-- Default suite -->
</testng-results>
